<?xml version="1.0" encoding="UTF-8"?>
<!-- Generated by org.testng.reporters.JUnitXMLReporter -->
<testsuite hostname="LAPTOP-ENOR0IVM" ignored="0" name="Default test" tests="3" failures="0" timestamp="18 Jun 2019 17:02:16 GMT" time="34.868" errors="0">
  <testcase name="Test1" time="5.774" classname="com.AutomationTalks.demoProject1.TestClass1"/>
  <testcase name="Test2" time="6.444" classname="com.AutomationTalks.demoProject1.TestClass1"/>
  <testcase name="Test3" time="7.954" classname="com.AutomationTalks.demoProject1.TestClass1"/>
</testsuite> <!-- Default test -->
