<?xml version="1.0" encoding="UTF-8"?>
<!-- Generated by org.testng.reporters.JUnitXMLReporter -->
<testsuite hostname="LAPTOP-ENOR0IVM" ignored="0" name="Test" tests="3" failures="0" timestamp="18 Jun 2019 17:06:02 GMT" time="42.958" errors="0">
  <testcase name="Test1" time="12.917" classname="com.AutomationTalks.demoProject1.TestClass1"/>
  <testcase name="Test2" time="8.139" classname="com.AutomationTalks.demoProject1.TestClass1"/>
  <testcase name="Test3" time="7.225" classname="com.AutomationTalks.demoProject1.TestClass1"/>
</testsuite> <!-- Test -->
