<?xml version="1.0" encoding="UTF-8"?>
<testng-results skipped="0" failed="0" ignored="0" total="3" passed="3">
  <reporter-output>
  </reporter-output>
  <suite name="Suite" duration-ms="42958" started-at="2019-06-18T17:05:19Z" finished-at="2019-06-18T17:06:02Z">
    <groups>
    </groups>
    <test name="Test" duration-ms="42958" started-at="2019-06-18T17:05:19Z" finished-at="2019-06-18T17:06:02Z">
      <class name="com.AutomationTalks.demoProject1.TestClass1">
        <test-method status="PASS" signature="launchDriver()[pri:0, instance:com.AutomationTalks.demoProject1.TestClass1@153f5a29]" name="launchDriver" is-config="true" duration-ms="4828" started-at="2019-06-18T17:05:19Z" finished-at="2019-06-18T17:05:23Z">
          <reporter-output>
          </reporter-output>
        </test-method> <!-- launchDriver -->
        <test-method status="PASS" signature="Test1()[pri:0, instance:com.AutomationTalks.demoProject1.TestClass1@153f5a29]" name="Test1" duration-ms="12917" started-at="2019-06-18T17:05:23Z" finished-at="2019-06-18T17:05:36Z">
          <reporter-output>
          </reporter-output>
        </test-method> <!-- Test1 -->
        <test-method status="PASS" signature="quit(org.testng.ITestResult)[pri:0, instance:com.AutomationTalks.demoProject1.TestClass1@153f5a29]" name="quit" is-config="true" duration-ms="774" started-at="2019-06-18T17:05:36Z" finished-at="2019-06-18T17:05:37Z">
          <params>
            <param index="0">
              <value>
                <![CDATA[[TestResult name=Test1 status=SUCCESS method=TestClass1.Test1()[pri:0, instance:com.AutomationTalks.demoProject1.TestClass1@153f5a29] output={null}]]]>
              </value>
            </param>
          </params>
          <reporter-output>
          </reporter-output>
        </test-method> <!-- quit -->
        <test-method status="PASS" signature="launchDriver()[pri:0, instance:com.AutomationTalks.demoProject1.TestClass1@153f5a29]" name="launchDriver" is-config="true" duration-ms="3903" started-at="2019-06-18T17:05:37Z" finished-at="2019-06-18T17:05:41Z">
          <reporter-output>
          </reporter-output>
        </test-method> <!-- launchDriver -->
        <test-method status="PASS" signature="Test2()[pri:0, instance:com.AutomationTalks.demoProject1.TestClass1@153f5a29]" name="Test2" duration-ms="8139" started-at="2019-06-18T17:05:41Z" finished-at="2019-06-18T17:05:49Z">
          <reporter-output>
          </reporter-output>
        </test-method> <!-- Test2 -->
        <test-method status="PASS" signature="quit(org.testng.ITestResult)[pri:0, instance:com.AutomationTalks.demoProject1.TestClass1@153f5a29]" name="quit" is-config="true" duration-ms="726" started-at="2019-06-18T17:05:49Z" finished-at="2019-06-18T17:05:50Z">
          <params>
            <param index="0">
              <value>
                <![CDATA[[TestResult name=Test2 status=SUCCESS method=TestClass1.Test2()[pri:0, instance:com.AutomationTalks.demoProject1.TestClass1@153f5a29] output={null}]]]>
              </value>
            </param>
          </params>
          <reporter-output>
          </reporter-output>
        </test-method> <!-- quit -->
        <test-method status="PASS" signature="launchDriver()[pri:0, instance:com.AutomationTalks.demoProject1.TestClass1@153f5a29]" name="launchDriver" is-config="true" duration-ms="3661" started-at="2019-06-18T17:05:50Z" finished-at="2019-06-18T17:05:54Z">
          <reporter-output>
          </reporter-output>
        </test-method> <!-- launchDriver -->
        <test-method status="PASS" signature="Test3()[pri:0, instance:com.AutomationTalks.demoProject1.TestClass1@153f5a29]" name="Test3" duration-ms="7225" started-at="2019-06-18T17:05:54Z" finished-at="2019-06-18T17:06:01Z">
          <reporter-output>
          </reporter-output>
        </test-method> <!-- Test3 -->
        <test-method status="PASS" signature="quit(org.testng.ITestResult)[pri:0, instance:com.AutomationTalks.demoProject1.TestClass1@153f5a29]" name="quit" is-config="true" duration-ms="751" started-at="2019-06-18T17:06:01Z" finished-at="2019-06-18T17:06:02Z">
          <params>
            <param index="0">
              <value>
                <![CDATA[[TestResult name=Test3 status=SUCCESS method=TestClass1.Test3()[pri:0, instance:com.AutomationTalks.demoProject1.TestClass1@153f5a29] output={null}]]]>
              </value>
            </param>
          </params>
          <reporter-output>
          </reporter-output>
        </test-method> <!-- quit -->
      </class> <!-- com.AutomationTalks.demoProject1.TestClass1 -->
    </test> <!-- Test -->
  </suite> <!-- Suite -->
</testng-results>
