<?xml version="1.0" encoding="UTF-8"?>
<testng-results skipped="0" failed="0" ignored="0" total="3" passed="3">
  <reporter-output>
  </reporter-output>
  <suite name="Default suite" duration-ms="34868" started-at="2019-06-18T17:01:41Z" finished-at="2019-06-18T17:02:16Z">
    <groups>
    </groups>
    <test name="Default test" duration-ms="34868" started-at="2019-06-18T17:01:41Z" finished-at="2019-06-18T17:02:16Z">
      <class name="com.AutomationTalks.demoProject1.TestClass1">
        <test-method status="PASS" signature="launchDriver()[pri:0, instance:com.AutomationTalks.demoProject1.TestClass1@4cf777e8]" name="launchDriver" is-config="true" duration-ms="4728" started-at="2019-06-18T17:01:41Z" finished-at="2019-06-18T17:01:46Z">
          <reporter-output>
          </reporter-output>
        </test-method> <!-- launchDriver -->
        <test-method status="PASS" signature="Test1()[pri:0, instance:com.AutomationTalks.demoProject1.TestClass1@4cf777e8]" name="Test1" duration-ms="5774" started-at="2019-06-18T17:01:46Z" finished-at="2019-06-18T17:01:52Z">
          <reporter-output>
          </reporter-output>
        </test-method> <!-- Test1 -->
        <test-method status="PASS" signature="quit(org.testng.ITestResult)[pri:0, instance:com.AutomationTalks.demoProject1.TestClass1@4cf777e8]" name="quit" is-config="true" duration-ms="863" started-at="2019-06-18T17:01:52Z" finished-at="2019-06-18T17:01:52Z">
          <params>
            <param index="0">
              <value>
                <![CDATA[[TestResult name=Test1 status=SUCCESS method=TestClass1.Test1()[pri:0, instance:com.AutomationTalks.demoProject1.TestClass1@4cf777e8] output={null}]]]>
              </value>
            </param>
          </params>
          <reporter-output>
          </reporter-output>
        </test-method> <!-- quit -->
        <test-method status="PASS" signature="launchDriver()[pri:0, instance:com.AutomationTalks.demoProject1.TestClass1@4cf777e8]" name="launchDriver" is-config="true" duration-ms="3691" started-at="2019-06-18T17:01:52Z" finished-at="2019-06-18T17:01:56Z">
          <reporter-output>
          </reporter-output>
        </test-method> <!-- launchDriver -->
        <test-method status="PASS" signature="Test2()[pri:0, instance:com.AutomationTalks.demoProject1.TestClass1@4cf777e8]" name="Test2" duration-ms="6444" started-at="2019-06-18T17:01:56Z" finished-at="2019-06-18T17:02:03Z">
          <reporter-output>
          </reporter-output>
        </test-method> <!-- Test2 -->
        <test-method status="PASS" signature="quit(org.testng.ITestResult)[pri:0, instance:com.AutomationTalks.demoProject1.TestClass1@4cf777e8]" name="quit" is-config="true" duration-ms="812" started-at="2019-06-18T17:02:03Z" finished-at="2019-06-18T17:02:03Z">
          <params>
            <param index="0">
              <value>
                <![CDATA[[TestResult name=Test2 status=SUCCESS method=TestClass1.Test2()[pri:0, instance:com.AutomationTalks.demoProject1.TestClass1@4cf777e8] output={null}]]]>
              </value>
            </param>
          </params>
          <reporter-output>
          </reporter-output>
        </test-method> <!-- quit -->
        <test-method status="PASS" signature="launchDriver()[pri:0, instance:com.AutomationTalks.demoProject1.TestClass1@4cf777e8]" name="launchDriver" is-config="true" duration-ms="3809" started-at="2019-06-18T17:02:03Z" finished-at="2019-06-18T17:02:07Z">
          <reporter-output>
          </reporter-output>
        </test-method> <!-- launchDriver -->
        <test-method status="PASS" signature="Test3()[pri:0, instance:com.AutomationTalks.demoProject1.TestClass1@4cf777e8]" name="Test3" duration-ms="7954" started-at="2019-06-18T17:02:07Z" finished-at="2019-06-18T17:02:15Z">
          <reporter-output>
          </reporter-output>
        </test-method> <!-- Test3 -->
        <test-method status="PASS" signature="quit(org.testng.ITestResult)[pri:0, instance:com.AutomationTalks.demoProject1.TestClass1@4cf777e8]" name="quit" is-config="true" duration-ms="749" started-at="2019-06-18T17:02:15Z" finished-at="2019-06-18T17:02:16Z">
          <params>
            <param index="0">
              <value>
                <![CDATA[[TestResult name=Test3 status=SUCCESS method=TestClass1.Test3()[pri:0, instance:com.AutomationTalks.demoProject1.TestClass1@4cf777e8] output={null}]]]>
              </value>
            </param>
          </params>
          <reporter-output>
          </reporter-output>
        </test-method> <!-- quit -->
      </class> <!-- com.AutomationTalks.demoProject1.TestClass1 -->
    </test> <!-- Default test -->
  </suite> <!-- Default suite -->
</testng-results>
